<?xml version="1.0" encoding="UTF-8"?>
<!-- Generated by org.testng.reporters.JUnitReportReporter -->
<testsuite hostname="DESKTOP-RQA8NQN" failures="0" tests="1" name="tests.AdminLoginTest" time="31.645" errors="0" timestamp="2022-04-09T18:30:14 EET" skipped="0">
  <testcase classname="tests.AdminLoginTest" name="Login" time="31.645"/>
  <system-out/>
</testsuite> <!-- tests.AdminLoginTest -->
